<?xml version="1.0" encoding="UTF-8"?>
<!-- Generated by org.testng.reporters.JUnitReportReporter -->
<testsuite skipped="0" hostname="LAPTOP-MRN928OE" name="DAY7.ParallelTestExecution" tests="2" failures="0" timestamp="04 Mar 2022 12:36:32 GMT" time="26.548" errors="0">
  <testcase name="testcase1" time="13.271" classname="DAY7.ParallelTestExecution"/>
  <testcase name="testcase1" time="13.277" classname="DAY7.ParallelTestExecution"/>
</testsuite> <!-- DAY7.ParallelTestExecution -->
