<?xml version="1.0" encoding="UTF-8"?>
<!-- Generated by org.testng.reporters.JUnitReportReporter -->
<testsuite skipped="0" hostname="LAPTOP-MRN928OE" name="DAY5SELENIUM.testngexercise1" tests="2" failures="0" timestamp="02 Mar 2022 09:42:13 GMT" time="0.008" errors="0">
  <testcase name="TestCase1" time="0.006" classname="DAY5SELENIUM.testngexercise1"/>
  <testcase name="TestCase2" time="0.002" classname="DAY5SELENIUM.testngexercise1"/>
</testsuite> <!-- DAY5SELENIUM.testngexercise1 -->
