<?xml version="1.0" encoding="UTF-8"?>
<!-- Generated by org.testng.reporters.JUnitReportReporter -->
<testsuite skipped="0" hostname="LAPTOP-MRN928OE" name="DAY5SELENIUM.testngwithdataprovider$dataprovider" tests="4" failures="0" timestamp="02 Mar 2022 10:52:03 GMT" time="51.823" errors="0">
  <testcase name="LoginTest" time="12.258" classname="DAY5SELENIUM.testngwithdataprovider$dataprovider"/>
  <testcase name="LoginTest" time="16.434" classname="DAY5SELENIUM.testngwithdataprovider$dataprovider"/>
  <testcase name="LoginTest" time="12.771" classname="DAY5SELENIUM.testngwithdataprovider$dataprovider"/>
  <testcase name="LoginTest" time="10.360" classname="DAY5SELENIUM.testngwithdataprovider$dataprovider"/>
</testsuite> <!-- DAY5SELENIUM.testngwithdataprovider$dataprovider -->
