<?xml version="1.0" encoding="UTF-8"?>
<!-- Generated by org.testng.reporters.JUnitReportReporter -->
<testsuite skipped="1" hostname="LAPTOP-MRN928OE" name="DAY5SELENIUM.testngexercise2" tests="2" failures="0" timestamp="02 Mar 2022 09:42:13 GMT" time="2.954" errors="0">
  <testcase name="loginTC1" time="2.954" classname="DAY5SELENIUM.testngexercise2"/>
  <testcase name="FlightSearchTC2" classname="DAY5SELENIUM.testngexercise2">
    <skipped/>
  </testcase> <!-- FlightSearchTC2 -->
</testsuite> <!-- DAY5SELENIUM.testngexercise2 -->
