<?xml version="1.0" encoding="UTF-8"?>
<!-- Generated by org.testng.reporters.JUnitReportReporter -->
<testsuite skipped="0" hostname="LAPTOP-MRN928OE" name="day4selenium.testngexercise1" tests="2" failures="0" timestamp="02 Mar 2022 07:22:04 GMT" time="0.005" errors="0">
  <testcase name="TestCase2" time="0.001" classname="day4selenium.testngexercise1"/>
  <testcase name="TestCase1" time="0.004" classname="day4selenium.testngexercise1"/>
</testsuite> <!-- day4selenium.testngexercise1 -->
