<?xml version="1.0" encoding="UTF-8"?>
<!-- Generated by org.testng.reporters.JUnitReportReporter -->
<testsuite skipped="0" hostname="LAPTOP-MRN928OE" name="DAY7.NewTest" tests="2" failures="0" timestamp="04 Mar 2022 12:33:35 GMT" time="0.018" errors="0">
  <testcase name="f" time="0.009" classname="DAY7.NewTest"/>
  <testcase name="f" time="0.009" classname="DAY7.NewTest"/>
</testsuite> <!-- DAY7.NewTest -->
